<?xml version="1.0" encoding="UTF-8"?>
<!-- Generated by org.testng.reporters.JUnitXMLReporter -->
<testsuite hostname="VitsedPC" ignored="0" name="Surefire test" tests="64" failures="0" timestamp="2021-07-06T20:21:50 SAMT" time="0.444" errors="0">
  <testcase name="testAdd" time="0.052" classname="com.vitsed.CalculatorTest"/>
  <testcase name="testAdd" time="0.003" classname="com.vitsed.CalculatorTest"/>
  <testcase name="testAdd" time="0.003" classname="com.vitsed.CalculatorTest"/>
  <testcase name="testAdd" time="0.003" classname="com.vitsed.CalculatorTest"/>
  <testcase name="testAdd" time="0.002" classname="com.vitsed.CalculatorTest"/>
  <testcase name="testAdd" time="0.002" classname="com.vitsed.CalculatorTest"/>
  <testcase name="testAdd" time="0.002" classname="com.vitsed.CalculatorTest"/>
  <testcase name="testAdd" time="0.003" classname="com.vitsed.CalculatorTest"/>
  <testcase name="testDiv" time="0.003" classname="com.vitsed.CalculatorTest"/>
  <testcase name="testDiv" time="0.002" classname="com.vitsed.CalculatorTest"/>
  <testcase name="testDiv" time="0.002" classname="com.vitsed.CalculatorTest"/>
  <testcase name="testDiv" time="0.001" classname="com.vitsed.CalculatorTest"/>
  <testcase name="testDiv" time="0.001" classname="com.vitsed.CalculatorTest"/>
  <testcase name="testDiv" time="0.002" classname="com.vitsed.CalculatorTest"/>
  <testcase name="testDiv" time="0.002" classname="com.vitsed.CalculatorTest"/>
  <testcase name="testDiv" time="0.001" classname="com.vitsed.CalculatorTest"/>
  <testcase name="testMult" time="0.002" classname="com.vitsed.CalculatorTest"/>
  <testcase name="testMult" time="0.002" classname="com.vitsed.CalculatorTest"/>
  <testcase name="testMult" time="0.002" classname="com.vitsed.CalculatorTest"/>
  <testcase name="testMult" time="0.001" classname="com.vitsed.CalculatorTest"/>
  <testcase name="testMult" time="0.001" classname="com.vitsed.CalculatorTest"/>
  <testcase name="testMult" time="0.002" classname="com.vitsed.CalculatorTest"/>
  <testcase name="testMult" time="0.003" classname="com.vitsed.CalculatorTest"/>
  <testcase name="testMult" time="0.002" classname="com.vitsed.CalculatorTest"/>
  <testcase name="testNotAdd" time="0.002" classname="com.vitsed.CalculatorTest"/>
  <testcase name="testNotAdd" time="0.001" classname="com.vitsed.CalculatorTest"/>
  <testcase name="testNotAdd" time="0.001" classname="com.vitsed.CalculatorTest"/>
  <testcase name="testNotAdd" time="0.001" classname="com.vitsed.CalculatorTest"/>
  <testcase name="testNotAdd" time="0.002" classname="com.vitsed.CalculatorTest"/>
  <testcase name="testNotAdd" time="0.002" classname="com.vitsed.CalculatorTest"/>
  <testcase name="testNotAdd" time="0.002" classname="com.vitsed.CalculatorTest"/>
  <testcase name="testNotAdd" time="0.001" classname="com.vitsed.CalculatorTest"/>
  <testcase name="testNotDiv" time="0.001" classname="com.vitsed.CalculatorTest"/>
  <testcase name="testNotDiv" time="0.001" classname="com.vitsed.CalculatorTest"/>
  <testcase name="testNotDiv" time="0.002" classname="com.vitsed.CalculatorTest"/>
  <testcase name="testNotDiv" time="0.001" classname="com.vitsed.CalculatorTest"/>
  <testcase name="testNotDiv" time="0.001" classname="com.vitsed.CalculatorTest"/>
  <testcase name="testNotDiv" time="0.001" classname="com.vitsed.CalculatorTest"/>
  <testcase name="testNotDiv" time="0.001" classname="com.vitsed.CalculatorTest"/>
  <testcase name="testNotDiv" time="0.001" classname="com.vitsed.CalculatorTest"/>
  <testcase name="testNotMult" time="0.001" classname="com.vitsed.CalculatorTest"/>
  <testcase name="testNotMult" time="0.002" classname="com.vitsed.CalculatorTest"/>
  <testcase name="testNotMult" time="0.001" classname="com.vitsed.CalculatorTest"/>
  <testcase name="testNotMult" time="0.001" classname="com.vitsed.CalculatorTest"/>
  <testcase name="testNotMult" time="0.001" classname="com.vitsed.CalculatorTest"/>
  <testcase name="testNotMult" time="0.001" classname="com.vitsed.CalculatorTest"/>
  <testcase name="testNotMult" time="0.002" classname="com.vitsed.CalculatorTest"/>
  <testcase name="testNotMult" time="0.001" classname="com.vitsed.CalculatorTest"/>
  <testcase name="testNotSub" time="0.001" classname="com.vitsed.CalculatorTest"/>
  <testcase name="testNotSub" time="0.001" classname="com.vitsed.CalculatorTest"/>
  <testcase name="testNotSub" time="0.001" classname="com.vitsed.CalculatorTest"/>
  <testcase name="testNotSub" time="0.002" classname="com.vitsed.CalculatorTest"/>
  <testcase name="testNotSub" time="0.001" classname="com.vitsed.CalculatorTest"/>
  <testcase name="testNotSub" time="0.002" classname="com.vitsed.CalculatorTest"/>
  <testcase name="testNotSub" time="0.002" classname="com.vitsed.CalculatorTest"/>
  <testcase name="testNotSub" time="0.001" classname="com.vitsed.CalculatorTest"/>
  <testcase name="testSub" time="0.001" classname="com.vitsed.CalculatorTest"/>
  <testcase name="testSub" time="0.001" classname="com.vitsed.CalculatorTest"/>
  <testcase name="testSub" time="0.001" classname="com.vitsed.CalculatorTest"/>
  <testcase name="testSub" time="0.001" classname="com.vitsed.CalculatorTest"/>
  <testcase name="testSub" time="0.001" classname="com.vitsed.CalculatorTest"/>
  <testcase name="testSub" time="0.002" classname="com.vitsed.CalculatorTest"/>
  <testcase name="testSub" time="0.002" classname="com.vitsed.CalculatorTest"/>
  <testcase name="testSub" time="0.001" classname="com.vitsed.CalculatorTest"/>
</testsuite> <!-- Surefire test -->
