<?xml version="1.0" encoding="UTF-8"?>
<testsuite xmlns:xsi="http://www.w3.org/2001/XMLSchema-instance" xsi:noNamespaceSchemaLocation="https://maven.apache.org/surefire/maven-surefire-plugin/xsd/surefire-test-report.xsd" name="com.vitsed.CalculatorTest" time="1.744" tests="64" errors="0" skipped="0" failures="0">
  <properties>
[...]
</properties>
  <testcase name="testAdd" classname="com.vitsed.CalculatorTest" time="0.054"/>
  <testcase name="testAdd" classname="com.vitsed.CalculatorTest" time="0.003"/>
  <testcase name="testAdd" classname="com.vitsed.CalculatorTest" time="0.004"/>
  <testcase name="testAdd" classname="com.vitsed.CalculatorTest" time="0.003"/>
  <testcase name="testAdd" classname="com.vitsed.CalculatorTest" time="0.002"/>
  <testcase name="testAdd" classname="com.vitsed.CalculatorTest" time="0.002"/>
  <testcase name="testAdd" classname="com.vitsed.CalculatorTest" time="0.002"/>
  <testcase name="testAdd" classname="com.vitsed.CalculatorTest" time="0.003"/>
  <testcase name="testDiv" classname="com.vitsed.CalculatorTest" time="0.002"/>
  <testcase name="testDiv" classname="com.vitsed.CalculatorTest" time="0.002"/>
  <testcase name="testDiv" classname="com.vitsed.CalculatorTest" time="0.002"/>
  <testcase name="testDiv" classname="com.vitsed.CalculatorTest" time="0.002"/>
  <testcase name="testDiv" classname="com.vitsed.CalculatorTest" time="0.001"/>
  <testcase name="testDiv" classname="com.vitsed.CalculatorTest" time="0.002"/>
  <testcase name="testDiv" classname="com.vitsed.CalculatorTest" time="0.002"/>
  <testcase name="testDiv" classname="com.vitsed.CalculatorTest" time="0.002"/>
  <testcase name="testMult" classname="com.vitsed.CalculatorTest" time="0.001"/>
  <testcase name="testMult" classname="com.vitsed.CalculatorTest" time="0.002"/>
  <testcase name="testMult" classname="com.vitsed.CalculatorTest" time="0.002"/>
  <testcase name="testMult" classname="com.vitsed.CalculatorTest" time="0.001"/>
  <testcase name="testMult" classname="com.vitsed.CalculatorTest" time="0.002"/>
  <testcase name="testMult" classname="com.vitsed.CalculatorTest" time="0.003"/>
  <testcase name="testMult" classname="com.vitsed.CalculatorTest" time="0.003"/>
  <testcase name="testMult" classname="com.vitsed.CalculatorTest" time="0.001"/>
  <testcase name="testNotAdd" classname="com.vitsed.CalculatorTest" time="0.002"/>
  <testcase name="testNotAdd" classname="com.vitsed.CalculatorTest" time="0.002"/>
  <testcase name="testNotAdd" classname="com.vitsed.CalculatorTest" time="0.001"/>
  <testcase name="testNotAdd" classname="com.vitsed.CalculatorTest" time="0.002"/>
  <testcase name="testNotAdd" classname="com.vitsed.CalculatorTest" time="0.002"/>
  <testcase name="testNotAdd" classname="com.vitsed.CalculatorTest" time="0.001"/>
  <testcase name="testNotAdd" classname="com.vitsed.CalculatorTest" time="0.002"/>
  <testcase name="testNotAdd" classname="com.vitsed.CalculatorTest" time="0.001"/>
  <testcase name="testNotDiv" classname="com.vitsed.CalculatorTest" time="0.002"/>
  <testcase name="testNotDiv" classname="com.vitsed.CalculatorTest" time="0.002"/>
  <testcase name="testNotDiv" classname="com.vitsed.CalculatorTest" time="0.002"/>
  <testcase name="testNotDiv" classname="com.vitsed.CalculatorTest" time="0.001"/>
  <testcase name="testNotDiv" classname="com.vitsed.CalculatorTest" time="0.001"/>
  <testcase name="testNotDiv" classname="com.vitsed.CalculatorTest" time="0.001"/>
  <testcase name="testNotDiv" classname="com.vitsed.CalculatorTest" time="0.001"/>
  <testcase name="testNotDiv" classname="com.vitsed.CalculatorTest" time="0.002"/>
  <testcase name="testNotMult" classname="com.vitsed.CalculatorTest" time="0.001"/>
  <testcase name="testNotMult" classname="com.vitsed.CalculatorTest" time="0.002"/>
  <testcase name="testNotMult" classname="com.vitsed.CalculatorTest" time="0.001"/>
  <testcase name="testNotMult" classname="com.vitsed.CalculatorTest" time="0.001"/>
  <testcase name="testNotMult" classname="com.vitsed.CalculatorTest" time="0.001"/>
  <testcase name="testNotMult" classname="com.vitsed.CalculatorTest" time="0.002"/>
  <testcase name="testNotMult" classname="com.vitsed.CalculatorTest" time="0.001"/>
  <testcase name="testNotMult" classname="com.vitsed.CalculatorTest" time="0.001"/>
  <testcase name="testNotSub" classname="com.vitsed.CalculatorTest" time="0.001"/>
  <testcase name="testNotSub" classname="com.vitsed.CalculatorTest" time="0.001"/>
  <testcase name="testNotSub" classname="com.vitsed.CalculatorTest" time="0.002"/>
  <testcase name="testNotSub" classname="com.vitsed.CalculatorTest" time="0.002"/>
  <testcase name="testNotSub" classname="com.vitsed.CalculatorTest" time="0.002"/>
  <testcase name="testNotSub" classname="com.vitsed.CalculatorTest" time="0.001"/>
  <testcase name="testNotSub" classname="com.vitsed.CalculatorTest" time="0.001"/>
  <testcase name="testNotSub" classname="com.vitsed.CalculatorTest" time="0.002"/>
  <testcase name="testSub" classname="com.vitsed.CalculatorTest" time="0.001"/>
  <testcase name="testSub" classname="com.vitsed.CalculatorTest" time="0.002"/>
  <testcase name="testSub" classname="com.vitsed.CalculatorTest" time="0.001"/>
  <testcase name="testSub" classname="com.vitsed.CalculatorTest" time="0.001"/>
  <testcase name="testSub" classname="com.vitsed.CalculatorTest" time="0.001"/>
  <testcase name="testSub" classname="com.vitsed.CalculatorTest" time="0.001"/>
  <testcase name="testSub" classname="com.vitsed.CalculatorTest" time="0.001"/>
  <testcase name="testSub" classname="com.vitsed.CalculatorTest" time="0.001"/>
</testsuite>